INSTAGRAM-BOT: 2025/03/12 16:45:45 main.go:145: Login successful
INSTAGRAM-BOT: 2025/03/12 16:45:45 main.go:151: Starting Instagram auto-reply bot
INSTAGRAM-BOT: 2025/03/12 16:45:45 main.go:166: Checking for new messages
INSTAGRAM-BOT: 2025/03/12 16:46:45 main.go:166: Checking for new messages
INSTAGRAM-BOT: 2025/03/12 16:46:51 main.go:125: Importing existing Instagram session
INSTAGRAM-BOT: 2025/03/12 16:46:52 main.go:151: Starting Instagram auto-reply bot
INSTAGRAM-BOT: 2025/03/12 16:46:52 main.go:166: Checking for new messages
INSTAGRAM-BOT: 2025/03/12 16:47:53 main.go:125: Importing existing Instagram session
INSTAGRAM-BOT: 2025/03/12 16:47:54 main.go:151: Starting Instagram auto-reply bot
INSTAGRAM-BOT: 2025/03/12 16:47:54 main.go:166: Checking for new messages
INSTAGRAM-BOT: 2025/03/12 16:48:44 main.go:125: Importing existing Instagram session
INSTAGRAM-BOT: 2025/03/12 16:48:45 main.go:166: Checking for new messages
INSTAGRAM-BOT: 2025/03/12 16:49:19 main.go:125: Importing existing Instagram session
INSTAGRAM-BOT: 2025/03/12 16:49:52 main.go:125: Importing existing Instagram session
INSTAGRAM-BOT: 2025/03/12 16:50:19 main.go:125: Importing existing Instagram session
INSTAGRAM-BOT: 2025/03/12 16:50:37 main.go:125: Importing existing Instagram session
INSTAGRAM-BOT: 2025/03/12 16:51:37 main.go:125: Importing existing Instagram session
INSTAGRAM-BOT: 2025/03/12 16:52:16 main.go:125: Importing existing Instagram session
INSTAGRAM-BOT: 2025/03/12 16:52:59 main.go:125: Importing existing Instagram session
INSTAGRAM-BOT: 2025/03/12 16:55:33 main.go:125: Importing existing Instagram session
INSTAGRAM-BOT: 2025/03/12 16:56:09 main.go:125: Importing existing Instagram session
INSTAGRAM-BOT: 2025/03/12 16:56:29 main.go:125: Importing existing Instagram session
INSTAGRAM-BOT: 2025/03/12 16:57:42 main.go:125: Importing existing Instagram session
INSTAGRAM-BOT: 2025/03/12 17:01:44 main.go:125: Importing existing Instagram session
INSTAGRAM-BOT: 2025/03/12 17:20:09 main.go:125: Importing existing Instagram session
INSTAGRAM-BOT: 2025/03/12 17:20:12 main.go:256: Sent auto-reply to ahrorbek__olimjonov: Thanks for your message! We'll get back to you as soon as possible.
INSTAGRAM-BOT: 2025/03/12 17:28:22 main.go:256: Sent auto-reply to _hatsker01: Hi there! Thanks for reaching out. This is an automated response.
INSTAGRAM-BOT: 2025/03/12 17:35:30 main.go:125: Importing existing Instagram session
INSTAGRAM-BOT: 2025/03/12 17:36:31 main.go:125: Importing existing Instagram session
INSTAGRAM-BOT: 2025/03/12 17:41:31 main.go:125: Importing existing Instagram session
INSTAGRAM-BOT: 2025/03/12 17:42:00 main.go:125: Importing existing Instagram session
INSTAGRAM-BOT: 2025/03/12 17:42:03 main.go:261: Sent auto-reply to _hatsker01: Hi there! Thanks for reaching out. This is an automated response.
INSTAGRAM-BOT: 2025/03/12 17:42:04 main.go:261: Sent auto-reply to ahrorbek__olimjonov: Thanks for your message! We'll get back to you as soon as possible.
INSTAGRAM-BOT: 2025/03/12 17:43:03 main.go:261: Sent auto-reply to ahrorbek__olimjonov: Thanks for your message! We'll get back to you as soon as possible.
INSTAGRAM-BOT: 2025/03/12 17:43:04 main.go:261: Sent auto-reply to _hatsker01: Hi there! Thanks for reaching out. This is an automated response.
